c:\users\joel\documents\vst plugins\midi player\builds\visualstudio2022\x64\release\app\fluid_conv.obj
c:\users\joel\documents\vst plugins\midi player\builds\visualstudio2022\x64\release\app\fluid_dsp_float.obj
c:\users\joel\documents\vst plugins\midi player\builds\visualstudio2022\x64\release\app\fluid_ramsfont.obj
c:\users\joel\documents\vst plugins\midi player\builds\visualstudio2022\x64\release\app\fluid_sys.obj
c:\users\joel\documents\vst plugins\midi player\builds\visualstudio2022\x64\release\app\fluidsynth.obj
c:\users\joel\documents\vst plugins\midi player\builds\visualstudio2022\x64\release\app\fluid_chan.obj
c:\users\joel\documents\vst plugins\midi player\builds\visualstudio2022\x64\release\app\fluid_gen.obj
c:\users\joel\documents\vst plugins\midi player\builds\visualstudio2022\x64\release\app\fluid_mod.obj
c:\users\joel\documents\vst plugins\midi player\builds\visualstudio2022\x64\release\app\fluid_synth.obj
c:\users\joel\documents\vst plugins\midi player\builds\visualstudio2022\x64\release\app\fluid_chorus.obj
c:\users\joel\documents\vst plugins\midi player\builds\visualstudio2022\x64\release\app\fluid_dsp_simple.obj
c:\users\joel\documents\vst plugins\midi player\builds\visualstudio2022\x64\release\app\fluid_list.obj
c:\users\joel\documents\vst plugins\midi player\builds\visualstudio2022\x64\release\app\fluid_settings.obj
c:\users\joel\documents\vst plugins\midi player\builds\visualstudio2022\x64\release\app\fluid_tuning.obj
c:\users\joel\documents\vst plugins\midi player\builds\visualstudio2022\x64\release\app\fluid_defsfont.obj
c:\users\joel\documents\vst plugins\midi player\builds\visualstudio2022\x64\release\app\fluid_hash.obj
c:\users\joel\documents\vst plugins\midi player\builds\visualstudio2022\x64\release\app\fluid_rev.obj
c:\users\joel\documents\vst plugins\midi player\builds\visualstudio2022\x64\release\app\fluid_voice.obj
c:\users\joel\documents\vst plugins\midi player\builds\visualstudio2022\x64\release\app\midi player.pdb
c:\users\joel\documents\vst plugins\midi player\builds\visualstudio2022\x64\release\app\midifileplayer.obj
c:\users\joel\documents\vst plugins\midi player\builds\visualstudio2022\x64\release\app\include_juce_audio_formats.obj
c:\users\joel\documents\vst plugins\midi player\builds\visualstudio2022\x64\release\app\include_juce_gui_extra.obj
c:\users\joel\documents\vst plugins\midi player\builds\visualstudio2022\x64\release\app\main.obj
c:\users\joel\documents\vst plugins\midi player\builds\visualstudio2022\x64\release\app\include_juce_audio_processors_ara.obj
c:\users\joel\documents\vst plugins\midi player\builds\visualstudio2022\x64\release\app\include_juce_audio_utils.obj
c:\users\joel\documents\vst plugins\midi player\builds\visualstudio2022\x64\release\app\include_juce_opengl.obj
c:\users\joel\documents\vst plugins\midi player\builds\visualstudio2022\x64\release\app\include_juce_audio_basics.obj
c:\users\joel\documents\vst plugins\midi player\builds\visualstudio2022\x64\release\app\include_juce_audio_devices.obj
c:\users\joel\documents\vst plugins\midi player\builds\visualstudio2022\x64\release\app\include_juce_events.obj
c:\users\joel\documents\vst plugins\midi player\builds\visualstudio2022\x64\release\app\include_juce_video.obj
c:\users\joel\documents\vst plugins\midi player\builds\visualstudio2022\x64\release\app\maincomponent.obj
c:\users\joel\documents\vst plugins\midi player\builds\visualstudio2022\x64\release\app\include_juce_audio_processors_lv2_libs.obj
c:\users\joel\documents\vst plugins\midi player\builds\visualstudio2022\x64\release\app\include_juce_cryptography.obj
c:\users\joel\documents\vst plugins\midi player\builds\visualstudio2022\x64\release\app\include_juce_data_structures.obj
c:\users\joel\documents\vst plugins\midi player\builds\visualstudio2022\x64\release\app\include_juce_graphics.obj
c:\users\joel\documents\vst plugins\midi player\builds\visualstudio2022\x64\release\app\include_juce_audio_processors.obj
c:\users\joel\documents\vst plugins\midi player\builds\visualstudio2022\x64\release\app\include_juce_core.obj
c:\users\joel\documents\vst plugins\midi player\builds\visualstudio2022\x64\release\app\include_juce_gui_basics.obj
c:\users\joel\documents\vst plugins\midi player\builds\visualstudio2022\x64\release\app\midi player.iobj
c:\users\joel\documents\vst plugins\midi player\builds\visualstudio2022\x64\release\app\midi player.exe
c:\users\joel\documents\vst plugins\midi player\builds\visualstudio2022\x64\release\app\resources.res
c:\users\joel\documents\vst plugins\midi player\builds\visualstudio2022\x64\release\app\midi player_app.tlog\cl.command.1.tlog
c:\users\joel\documents\vst plugins\midi player\builds\visualstudio2022\x64\release\app\midi player_app.tlog\cl.read.1.tlog
c:\users\joel\documents\vst plugins\midi player\builds\visualstudio2022\x64\release\app\midi player_app.tlog\cl.write.1.tlog
c:\users\joel\documents\vst plugins\midi player\builds\visualstudio2022\x64\release\app\midi player_app.tlog\link.command.1.tlog
c:\users\joel\documents\vst plugins\midi player\builds\visualstudio2022\x64\release\app\midi player_app.tlog\link.read.1.tlog
c:\users\joel\documents\vst plugins\midi player\builds\visualstudio2022\x64\release\app\midi player_app.tlog\link.write.1.tlog
c:\users\joel\documents\vst plugins\midi player\builds\visualstudio2022\x64\release\app\midi player_app.tlog\link.write.2u.tlog
c:\users\joel\documents\vst plugins\midi player\builds\visualstudio2022\x64\release\app\midi player_app.tlog\rc.command.1.tlog
c:\users\joel\documents\vst plugins\midi player\builds\visualstudio2022\x64\release\app\midi player_app.tlog\rc.read.1.tlog
c:\users\joel\documents\vst plugins\midi player\builds\visualstudio2022\x64\release\app\midi player_app.tlog\rc.write.1.tlog
