  Main.cpp
  MainComponent.cpp
  MidiFilePlayer.cpp
  SoundfontAudioSource.cpp
C:\Users\JOEL\Downloads\Compressed\juce-soundfonts-master\juce-soundfonts-master\Source\MainComponent.h(36,5): warning C4996: 'juce::ScopedPointer<MidiFilePlayer>': was declared deprecated (compiling source file ..\..\Source\Main.cpp)
C:\JUCE\modules\juce_core\memory\juce_ScopedPointer.h(34,1): message : see declaration of 'juce::ScopedPointer' (compiling source file ..\..\Source\Main.cpp)
C:\Users\JOEL\Downloads\Compressed\juce-soundfonts-master\juce-soundfonts-master\Source\MainComponent.h(40,5): warning C4996: 'juce::ScopedPointer<juce::ComboBox>': was declared deprecated (compiling source file ..\..\Source\Main.cpp)
C:\JUCE\modules\juce_core\memory\juce_ScopedPointer.h(34,1): message : see declaration of 'juce::ScopedPointer' (compiling source file ..\..\Source\Main.cpp)
C:\Users\JOEL\Downloads\Compressed\juce-soundfonts-master\juce-soundfonts-master\Source\MainComponent.h(41,5): warning C4996: 'juce::ScopedPointer<juce::TextButton>': was declared deprecated (compiling source file ..\..\Source\Main.cpp)
C:\JUCE\modules\juce_core\memory\juce_ScopedPointer.h(34,1): message : see declaration of 'juce::ScopedPointer' (compiling source file ..\..\Source\Main.cpp)
C:\Users\JOEL\Downloads\Compressed\juce-soundfonts-master\juce-soundfonts-master\Source\MainComponent.h(42,5): warning C4996: 'juce::ScopedPointer<juce::TextButton>': was declared deprecated (compiling source file ..\..\Source\Main.cpp)
C:\JUCE\modules\juce_core\memory\juce_ScopedPointer.h(34,1): message : see declaration of 'juce::ScopedPointer' (compiling source file ..\..\Source\Main.cpp)
C:\Users\JOEL\Downloads\Compressed\juce-soundfonts-master\juce-soundfonts-master\Source\MainComponent.h(43,5): warning C4996: 'juce::ScopedPointer<juce::TextButton>': was declared deprecated (compiling source file ..\..\Source\Main.cpp)
C:\JUCE\modules\juce_core\memory\juce_ScopedPointer.h(34,1): message : see declaration of 'juce::ScopedPointer' (compiling source file ..\..\Source\Main.cpp)
C:\Users\JOEL\Downloads\Compressed\juce-soundfonts-master\juce-soundfonts-master\Source\MainComponent.h(44,5): warning C4996: 'juce::ScopedPointer<juce::TextButton>': was declared deprecated (compiling source file ..\..\Source\Main.cpp)
C:\JUCE\modules\juce_core\memory\juce_ScopedPointer.h(34,1): message : see declaration of 'juce::ScopedPointer' (compiling source file ..\..\Source\Main.cpp)
C:\Users\JOEL\Downloads\Compressed\juce-soundfonts-master\juce-soundfonts-master\Source\MainComponent.h(45,5): warning C4996: 'juce::ScopedPointer<juce::TextButton>': was declared deprecated (compiling source file ..\..\Source\Main.cpp)
C:\JUCE\modules\juce_core\memory\juce_ScopedPointer.h(34,1): message : see declaration of 'juce::ScopedPointer' (compiling source file ..\..\Source\Main.cpp)
C:\Users\JOEL\Downloads\Compressed\juce-soundfonts-master\juce-soundfonts-master\Source\Main.cpp(96,5): warning C4996: 'juce::ScopedPointer<JUCESoundfontsApplication::MainWindow>': was declared deprecated
C:\JUCE\modules\juce_core\memory\juce_ScopedPointer.h(34,1): message : see declaration of 'juce::ScopedPointer' (compiling source file ..\..\Source\Main.cpp)
C:\Users\JOEL\Downloads\Compressed\juce-soundfonts-master\juce-soundfonts-master\Source\Main.cpp(19,30): warning C4996: 'juce::ScopedPointer<JUCESoundfontsApplication::MainWindow>::ScopedPointer': was declared deprecated
C:\Users\JOEL\Downloads\Compressed\juce-soundfonts-master\juce-soundfonts-master\Source\Main.cpp(30,20): warning C4996: 'juce::ScopedPointer<JUCESoundfontsApplication::MainWindow>::operator =': was declared deprecated
C:\Users\JOEL\Downloads\Compressed\juce-soundfonts-master\juce-soundfonts-master\Source\Main.cpp(26,36): warning C4100: 'commandLine': unreferenced formal parameter
C:\Users\JOEL\Downloads\Compressed\juce-soundfonts-master\juce-soundfonts-master\Source\Main.cpp(37,20): warning C4996: 'juce::ScopedPointer<JUCESoundfontsApplication::MainWindow>::operator =': was declared deprecated
C:\Users\JOEL\Downloads\Compressed\juce-soundfonts-master\juce-soundfonts-master\Source\Main.cpp(48,48): warning C4100: 'commandLine': unreferenced formal parameter
C:\Users\JOEL\Downloads\Compressed\juce-soundfonts-master\juce-soundfonts-master\Source\SoundfontAudioSource.cpp(18,46): warning C4100: 'samplesPerBlockExpected': unreferenced formal parameter
C:\Users\JOEL\Downloads\Compressed\juce-soundfonts-master\juce-soundfonts-master\Source\MainComponent.h(36,5): warning C4996: 'juce::ScopedPointer<MidiFilePlayer>': was declared deprecated (compiling source file ..\..\Source\MainComponent.cpp)
C:\JUCE\modules\juce_core\memory\juce_ScopedPointer.h(34,1): message : see declaration of 'juce::ScopedPointer' (compiling source file ..\..\Source\MainComponent.cpp)
C:\Users\JOEL\Downloads\Compressed\juce-soundfonts-master\juce-soundfonts-master\Source\MainComponent.h(40,5): warning C4996: 'juce::ScopedPointer<juce::ComboBox>': was declared deprecated (compiling source file ..\..\Source\MainComponent.cpp)
C:\JUCE\modules\juce_core\memory\juce_ScopedPointer.h(34,1): message : see declaration of 'juce::ScopedPointer' (compiling source file ..\..\Source\MainComponent.cpp)
C:\Users\JOEL\Downloads\Compressed\juce-soundfonts-master\juce-soundfonts-master\Source\MainComponent.h(41,5): warning C4996: 'juce::ScopedPointer<juce::TextButton>': was declared deprecated (compiling source file ..\..\Source\MainComponent.cpp)
C:\JUCE\modules\juce_core\memory\juce_ScopedPointer.h(34,1): message : see declaration of 'juce::ScopedPointer' (compiling source file ..\..\Source\MainComponent.cpp)
C:\Users\JOEL\Downloads\Compressed\juce-soundfonts-master\juce-soundfonts-master\Source\MainComponent.h(42,5): warning C4996: 'juce::ScopedPointer<juce::TextButton>': was declared deprecated (compiling source file ..\..\Source\MainComponent.cpp)
C:\JUCE\modules\juce_core\memory\juce_ScopedPointer.h(34,1): message : see declaration of 'juce::ScopedPointer' (compiling source file ..\..\Source\MainComponent.cpp)
C:\Users\JOEL\Downloads\Compressed\juce-soundfonts-master\juce-soundfonts-master\Source\MainComponent.h(43,5): warning C4996: 'juce::ScopedPointer<juce::TextButton>': was declared deprecated (compiling source file ..\..\Source\MainComponent.cpp)
C:\JUCE\modules\juce_core\memory\juce_ScopedPointer.h(34,1): message : see declaration of 'juce::ScopedPointer' (compiling source file ..\..\Source\MainComponent.cpp)
C:\Users\JOEL\Downloads\Compressed\juce-soundfonts-master\juce-soundfonts-master\Source\MainComponent.h(44,5): warning C4996: 'juce::ScopedPointer<juce::TextButton>': was declared deprecated (compiling source file ..\..\Source\MainComponent.cpp)
C:\JUCE\modules\juce_core\memory\juce_ScopedPointer.h(34,1): message : see declaration of 'juce::ScopedPointer' (compiling source file ..\..\Source\MainComponent.cpp)
C:\Users\JOEL\Downloads\Compressed\juce-soundfonts-master\juce-soundfonts-master\Source\MainComponent.h(45,5): warning C4996: 'juce::ScopedPointer<juce::TextButton>': was declared deprecated (compiling source file ..\..\Source\MainComponent.cpp)
C:\JUCE\modules\juce_core\memory\juce_ScopedPointer.h(34,1): message : see declaration of 'juce::ScopedPointer' (compiling source file ..\..\Source\MainComponent.cpp)
C:\Users\JOEL\Downloads\Compressed\juce-soundfonts-master\juce-soundfonts-master\Source\MainComponent.cpp(5,1): warning C4996: 'juce::ScopedPointer<MidiFilePlayer>::ScopedPointer': was declared deprecated
C:\Users\JOEL\Downloads\Compressed\juce-soundfonts-master\juce-soundfonts-master\Source\MainComponent.cpp(12,41): warning C4996: 'juce::ScopedPointer<juce::ComboBox>::operator ObjectType': was declared deprecated
          with
          [
              ObjectType=juce::ComboBox
          ]
C:\Users\JOEL\Downloads\Compressed\juce-soundfonts-master\juce-soundfonts-master\Source\MainComponent.cpp(13,5): warning C4996: 'juce::ScopedPointer<juce::ComboBox>::operator ->': was declared deprecated
C:\Users\JOEL\Downloads\Compressed\juce-soundfonts-master\juce-soundfonts-master\Source\MainComponent.cpp(14,5): warning C4996: 'juce::ScopedPointer<juce::ComboBox>::operator ->': was declared deprecated
C:\Users\JOEL\Downloads\Compressed\juce-soundfonts-master\juce-soundfonts-master\Source\MainComponent.cpp(15,5): warning C4996: 'juce::ScopedPointer<juce::ComboBox>::operator ->': was declared deprecated
C:\Users\JOEL\Downloads\Compressed\juce-soundfonts-master\juce-soundfonts-master\Source\MainComponent.cpp(17,34): warning C4996: 'juce::ScopedPointer<juce::TextButton>::operator ObjectType': was declared deprecated
          with
          [
              ObjectType=juce::TextButton
          ]
C:\Users\JOEL\Downloads\Compressed\juce-soundfonts-master\juce-soundfonts-master\Source\MainComponent.cpp(18,5): warning C4996: 'juce::ScopedPointer<juce::TextButton>::operator ->': was declared deprecated
C:\Users\JOEL\Downloads\Compressed\juce-soundfonts-master\juce-soundfonts-master\Source\MainComponent.cpp(20,35): warning C4996: 'juce::ScopedPointer<juce::TextButton>::operator ObjectType': was declared deprecated
          with
          [
              ObjectType=juce::TextButton
          ]
C:\Users\JOEL\Downloads\Compressed\juce-soundfonts-master\juce-soundfonts-master\Source\MainComponent.cpp(21,5): warning C4996: 'juce::ScopedPointer<juce::TextButton>::operator ->': was declared deprecated
C:\Users\JOEL\Downloads\Compressed\juce-soundfonts-master\juce-soundfonts-master\Source\MainComponent.cpp(23,34): warning C4996: 'juce::ScopedPointer<juce::TextButton>::operator ObjectType': was declared deprecated
          with
          [
              ObjectType=juce::TextButton
          ]
C:\Users\JOEL\Downloads\Compressed\juce-soundfonts-master\juce-soundfonts-master\Source\MainComponent.cpp(24,5): warning C4996: 'juce::ScopedPointer<juce::TextButton>::operator ->': was declared deprecated
C:\Users\JOEL\Downloads\Compressed\juce-soundfonts-master\juce-soundfonts-master\Source\MainComponent.cpp(26,38): warning C4996: 'juce::ScopedPointer<juce::TextButton>::operator ObjectType': was declared deprecated
          with
          [
              ObjectType=juce::TextButton
          ]
C:\Users\JOEL\Downloads\Compressed\juce-soundfonts-master\juce-soundfonts-master\Source\MainComponent.cpp(27,5): warning C4996: 'juce::ScopedPointer<juce::TextButton>::operator ->': was declared deprecated
C:\Users\JOEL\Downloads\Compressed\juce-soundfonts-master\juce-soundfonts-master\Source\MainComponent.cpp(36,1): warning C4996: 'juce::ScopedPointer<MidiFilePlayer>::~ScopedPointer': was declared deprecated
C:\Users\JOEL\Downloads\Compressed\juce-soundfonts-master\juce-soundfonts-master\Source\MainComponent.cpp(68,5): warning C4996: 'juce::ScopedPointer<juce::ComboBox>::operator ->': was declared deprecated
C:\Users\JOEL\Downloads\Compressed\juce-soundfonts-master\juce-soundfonts-master\Source\MainComponent.cpp(69,5): warning C4996: 'juce::ScopedPointer<juce::TextButton>::operator ->': was declared deprecated
C:\Users\JOEL\Downloads\Compressed\juce-soundfonts-master\juce-soundfonts-master\Source\MainComponent.cpp(70,5): warning C4996: 'juce::ScopedPointer<juce::TextButton>::operator ->': was declared deprecated
C:\Users\JOEL\Downloads\Compressed\juce-soundfonts-master\juce-soundfonts-master\Source\MainComponent.cpp(71,5): warning C4996: 'juce::ScopedPointer<juce::TextButton>::operator ->': was declared deprecated
C:\Users\JOEL\Downloads\Compressed\juce-soundfonts-master\juce-soundfonts-master\Source\MainComponent.cpp(72,5): warning C4996: 'juce::ScopedPointer<juce::TextButton>::operator ->': was declared deprecated
C:\Users\JOEL\Downloads\Compressed\juce-soundfonts-master\juce-soundfonts-master\Source\MainComponent.cpp(78,46): warning C4996: 'juce::ScopedPointer<juce::ComboBox>::operator ->': was declared deprecated
C:\Users\JOEL\Downloads\Compressed\juce-soundfonts-master\juce-soundfonts-master\Source\MainComponent.cpp(90,13): warning C4996: 'juce::ScopedPointer<MidiFilePlayer>::operator ->': was declared deprecated
C:\Users\JOEL\Downloads\Compressed\juce-soundfonts-master\juce-soundfonts-master\Source\MainComponent.cpp(95,13): warning C4996: 'juce::ScopedPointer<MidiFilePlayer>::operator ->': was declared deprecated
C:\Users\JOEL\Downloads\Compressed\juce-soundfonts-master\juce-soundfonts-master\Source\MainComponent.cpp(100,13): warning C4996: 'juce::ScopedPointer<MidiFilePlayer>::operator ->': was declared deprecated
C:\Users\JOEL\Downloads\Compressed\juce-soundfonts-master\juce-soundfonts-master\Source\MainComponent.cpp(120,20): warning C4996: 'juce::ScopedPointer<MidiFilePlayer>::operator =': was declared deprecated
  JUCE-Soundfonts_App.vcxproj -> C:\Users\JOEL\Downloads\Compressed\juce-soundfonts-master\juce-soundfonts-master\Builds\VisualStudio2022\x64\Debug\App\JUCE-Soundfonts.exe
