  fluid_chan.c
  fluid_chorus.c
  fluid_conv.c
  fluid_defsfont.c
C:\Users\JOEL\Documents\VST PLUGINS\Midi Player\Source\Fluidlite\src\fluid_chorus.c(172,66): warning C4244: '=': conversion from 'double' to 'fluid_real_t', possible loss of data
C:\Users\JOEL\Documents\VST PLUGINS\Midi Player\Source\Fluidlite\src\fluid_chorus.c(174,49): warning C4244: '*=': conversion from 'double' to 'fluid_real_t', possible loss of data
C:\Users\JOEL\Documents\VST PLUGINS\Midi Player\Source\Fluidlite\src\fluid_chorus.c(349,40): warning C4305: '=': truncation from 'double' to 'fluid_real_t'
C:\Users\JOEL\Documents\VST PLUGINS\Midi Player\Source\Fluidlite\src\fluid_chorus.c(367,28): warning C4305: '=': truncation from 'double' to 'fluid_real_t'
C:\Users\JOEL\Documents\VST PLUGINS\Midi Player\Source\Fluidlite\src\fluid_chorus.c(371,59): warning C4244: '=': conversion from 'fluid_real_t' to 'long', possible loss of data
C:\Users\JOEL\Documents\VST PLUGINS\Midi Player\Source\Fluidlite\src\fluid_defsfont.c(65,20): warning C4267: '+=': conversion from 'size_t' to 'int', possible loss of data
C:\Users\JOEL\Documents\VST PLUGINS\Midi Player\Source\Fluidlite\src\fluid_defsfont.c(349,29): warning C4152: nonstandard extension, function/data pointer conversion in expression
C:\Users\JOEL\Documents\VST PLUGINS\Midi Player\Source\Fluidlite\src\fluid_defsfont.c(781,55): warning C4244: 'function': conversion from 'double' to 'float', possible loss of data
C:\Users\JOEL\Documents\VST PLUGINS\Midi Player\Source\Fluidlite\src\fluid_defsfont.c(784,62): warning C4244: 'function': conversion from 'double' to 'float', possible loss of data
C:\Users\JOEL\Documents\VST PLUGINS\Midi Player\Source\Fluidlite\src\fluid_defsfont.c(870,53): warning C4244: 'function': conversion from 'double' to 'float', possible loss of data
C:\Users\JOEL\Documents\VST PLUGINS\Midi Player\Source\Fluidlite\src\fluid_defsfont.c(872,60): warning C4244: 'function': conversion from 'double' to 'float', possible loss of data
C:\Users\JOEL\Documents\VST PLUGINS\Midi Player\Source\Fluidlite\src\fluid_defsfont.c(1198,29): warning C4244: '=': conversion from 'unsigned short' to 'unsigned char', possible loss of data
C:\Users\JOEL\Documents\VST PLUGINS\Midi Player\Source\Fluidlite\src\fluid_defsfont.c(1606,27): warning C4244: '=': conversion from 'unsigned short' to 'unsigned char', possible loss of data
  fluid_dsp_float.c
  fluid_dsp_simple.c
C:\Users\JOEL\Documents\VST PLUGINS\Midi Player\Source\Fluidlite\src\fluid_chan.c(230,19): warning C4244: '=': conversion from 'int' to 'short', possible loss of data
C:\Users\JOEL\Documents\VST PLUGINS\Midi Player\Source\Fluidlite\src\fluid_defsfont.c(2067,12): warning C4244: '=': conversion from 'int' to 'unsigned char', possible loss of data
C:\Users\JOEL\Documents\VST PLUGINS\Midi Player\Source\Fluidlite\src\fluid_chan.c(313,56): warning C4244: 'function': conversion from 'double' to 'float', possible loss of data
C:\Users\JOEL\Documents\VST PLUGINS\Midi Player\Source\Fluidlite\src\fluid_defsfont.c(3034,13): warning C4311: 'type cast': pointer truncation from 'fluid_list_t *' to 'int'
C:\Users\JOEL\Documents\VST PLUGINS\Midi Player\Source\Fluidlite\src\fluid_dsp_simple.c(121,1): warning C4206: nonstandard extension used: translation unit is empty
C:\Users\JOEL\Documents\VST PLUGINS\Midi Player\Source\Fluidlite\src\fluid_chan.c(317,11): warning C4244: 'function': conversion from 'int' to 'float', possible loss of data
C:\Users\JOEL\Documents\VST PLUGINS\Midi Player\Source\Fluidlite\src\fluid_defsfont.c(3069,13): warning C4311: 'type cast': pointer truncation from 'fluid_list_t *' to 'int'
C:\Users\JOEL\Documents\VST PLUGINS\Midi Player\Source\Fluidlite\src\fluid_chan.c(347,23): warning C4244: '+=': conversion from 'int' to 'short', possible loss of data
C:\Users\JOEL\Documents\VST PLUGINS\Midi Player\Source\Fluidlite\src\fluid_chan.c(381,28): warning C4244: '=': conversion from 'int' to 'short', possible loss of data
C:\Users\JOEL\Documents\VST PLUGINS\Midi Player\Source\Fluidlite\src\fluid_defsfont.c(3274,29): warning C4100: 'sf': unreferenced formal parameter
C:\Users\JOEL\Documents\VST PLUGINS\Midi Player\Source\Fluidlite\src\fluid_chan.c(392,22): warning C4244: '=': conversion from 'int' to 'short', possible loss of data
C:\Users\JOEL\Documents\VST PLUGINS\Midi Player\Source\Fluidlite\src\fluid_defsfont.c(3328,11): warning C4100: 'ev': unreferenced formal parameter
C:\Users\JOEL\Documents\VST PLUGINS\Midi Player\Source\Fluidlite\src\fluid_chan.c(403,35): warning C4244: '=': conversion from 'int' to 'short', possible loss of data
  fluid_gen.c
C:\Users\JOEL\Documents\VST PLUGINS\Midi Player\Source\Fluidlite\src\fluid_defsfont.c(1936): warning C4706: assignment within conditional expression
C:\Users\JOEL\Documents\VST PLUGINS\Midi Player\Source\Fluidlite\src\fluid_defsfont.c(1942): warning C4706: assignment within conditional expression
C:\Users\JOEL\Documents\VST PLUGINS\Midi Player\Source\Fluidlite\src\fluid_defsfont.c(2122): warning C4706: assignment within conditional expression
C:\Users\JOEL\Documents\VST PLUGINS\Midi Player\Source\Fluidlite\src\fluid_defsfont.c(3034): warning C4706: assignment within conditional expression
C:\Users\JOEL\Documents\VST PLUGINS\Midi Player\Source\Fluidlite\src\fluid_defsfont.c(3069): warning C4706: assignment within conditional expression
C:\Users\JOEL\Documents\VST PLUGINS\Midi Player\Source\Fluidlite\src\fluid_defsfont.c(2552): warning C4701: potentially uninitialized local variable 'genval' used
C:\Users\JOEL\Documents\VST PLUGINS\Midi Player\Source\Fluidlite\src\fluid_defsfont.c(2902): warning C4701: potentially uninitialized local variable 'genval' used
  fluid_hash.c
C:\Users\JOEL\Documents\VST PLUGINS\Midi Player\Source\Fluidlite\src\fluid_dsp_float.c(109,51): warning C4244: '=': conversion from 'double' to 'fluid_real_t', possible loss of data
  fluid_list.c
  fluid_mod.c
  fluid_ramsfont.c
  fluid_rev.c
C:\Users\JOEL\Documents\VST PLUGINS\Midi Player\Source\Fluidlite\src\fluid_mod.c(45,15): warning C4244: '=': conversion from 'int' to 'unsigned char', possible loss of data
C:\Users\JOEL\Documents\VST PLUGINS\Midi Player\Source\Fluidlite\src\fluid_mod.c(46,17): warning C4244: '=': conversion from 'int' to 'unsigned char', possible loss of data
C:\Users\JOEL\Documents\VST PLUGINS\Midi Player\Source\Fluidlite\src\fluid_mod.c(55,15): warning C4244: '=': conversion from 'int' to 'unsigned char', possible loss of data
C:\Users\JOEL\Documents\VST PLUGINS\Midi Player\Source\Fluidlite\src\fluid_mod.c(56,17): warning C4244: '=': conversion from 'int' to 'unsigned char', possible loss of data
C:\Users\JOEL\Documents\VST PLUGINS\Midi Player\Source\Fluidlite\src\fluid_mod.c(65,15): warning C4244: '=': conversion from 'int' to 'unsigned char', possible loss of data
C:\Users\JOEL\Documents\VST PLUGINS\Midi Player\Source\Fluidlite\src\fluid_mod.c(164,12): warning C4244: '=': conversion from 'int' to 'fluid_real_t', possible loss of data
C:\Users\JOEL\Documents\VST PLUGINS\Midi Player\Source\Fluidlite\src\fluid_mod.c(257,12): warning C4244: '=': conversion from 'int' to 'fluid_real_t', possible loss of data
  fluid_settings.c
C:\Users\JOEL\Documents\VST PLUGINS\Midi Player\Source\Fluidlite\src\fluid_ramsfont.c(854,55): warning C4244: 'function': conversion from 'double' to 'float', possible loss of data
C:\Users\JOEL\Documents\VST PLUGINS\Midi Player\Source\Fluidlite\src\fluid_ramsfont.c(857,62): warning C4244: 'function': conversion from 'double' to 'float', possible loss of data
C:\Users\JOEL\Documents\VST PLUGINS\Midi Player\Source\Fluidlite\src\fluid_ramsfont.c(943,53): warning C4244: 'function': conversion from 'double' to 'float', possible loss of data
  fluid_synth.c
C:\Users\JOEL\Documents\VST PLUGINS\Midi Player\Source\Fluidlite\src\fluid_rev.c(94,23): warning C4305: '=': truncation from 'double' to 'fluid_real_t'
C:\Users\JOEL\Documents\VST PLUGINS\Midi Player\Source\Fluidlite\src\fluid_rev.c(170,23): warning C4305: '=': truncation from 'double' to 'fluid_real_t'
C:\Users\JOEL\Documents\VST PLUGINS\Midi Player\Source\Fluidlite\src\fluid_rev.c(420,37): warning C4244: '=': conversion from 'double' to 'fluid_real_t', possible loss of data
C:\Users\JOEL\Documents\VST PLUGINS\Midi Player\Source\Fluidlite\src\fluid_rev.c(434,22): warning C4305: '-=': truncation from 'double' to 'fluid_real_t'
C:\Users\JOEL\Documents\VST PLUGINS\Midi Player\Source\Fluidlite\src\fluid_rev.c(435,22): warning C4305: '-=': truncation from 'double' to 'fluid_real_t'
C:\Users\JOEL\Documents\VST PLUGINS\Midi Player\Source\Fluidlite\src\fluid_rev.c(458,37): warning C4244: '=': conversion from 'double' to 'fluid_real_t', possible loss of data
C:\Users\JOEL\Documents\VST PLUGINS\Midi Player\Source\Fluidlite\src\fluid_rev.c(472,22): warning C4305: '-=': truncation from 'double' to 'fluid_real_t'
C:\Users\JOEL\Documents\VST PLUGINS\Midi Player\Source\Fluidlite\src\fluid_rev.c(473,22): warning C4305: '-=': truncation from 'double' to 'fluid_real_t'
  fluid_sys.c
C:\Users\JOEL\Documents\VST PLUGINS\Midi Player\Source\Fluidlite\src\fluid_settings.c(506,26): warning C4456: declaration of 'setting' hides previous local declaration
C:\Users\JOEL\Documents\VST PLUGINS\Midi Player\Source\Fluidlite\src\fluid_settings.c(481,24): message : see declaration of 'setting'
C:\Users\JOEL\Documents\VST PLUGINS\Midi Player\Source\Fluidlite\src\fluid_settings.c(658,26): warning C4456: declaration of 'setting' hides previous local declaration
C:\Users\JOEL\Documents\VST PLUGINS\Midi Player\Source\Fluidlite\src\fluid_settings.c(627,24): message : see declaration of 'setting'
C:\Users\JOEL\Documents\VST PLUGINS\Midi Player\Source\Fluidlite\src\fluid_settings.c(759,26): warning C4456: declaration of 'setting' hides previous local declaration
C:\Users\JOEL\Documents\VST PLUGINS\Midi Player\Source\Fluidlite\src\fluid_settings.c(728,24): message : see declaration of 'setting'
C:\Users\JOEL\Documents\VST PLUGINS\Midi Player\Source\Fluidlite\src\fluid_settings.c(820,12): warning C4244: 'return': conversion from 'float' to 'int', possible loss of data
  fluid_tuning.c
C:\Users\JOEL\Documents\VST PLUGINS\Midi Player\Source\Fluidlite\src\fluid_synth.c(321,51): warning C4100: 'settings': unreferenced formal parameter
C:\Users\JOEL\Documents\VST PLUGINS\Midi Player\Source\Fluidlite\src\fluid_synth.c(360,24): warning C4244: '=': conversion from 'int' to 'char', possible loss of data
C:\Users\JOEL\Documents\VST PLUGINS\Midi Player\Source\Fluidlite\src\fluid_synth.c(361,24): warning C4244: '=': conversion from 'int' to 'char', possible loss of data
C:\Users\JOEL\Documents\VST PLUGINS\Midi Player\Source\Fluidlite\src\fluid_synth.c(362,20): warning C4244: '=': conversion from 'int' to 'char', possible loss of data
C:\Users\JOEL\Documents\VST PLUGINS\Midi Player\Source\Fluidlite\src\fluid_synth.c(363,17): warning C4244: '=': conversion from 'int' to 'char', possible loss of data
C:\Users\JOEL\Documents\VST PLUGINS\Midi Player\Source\Fluidlite\src\fluid_synth.c(471,44): warning C4244: 'function': conversion from 'double' to 'fluid_real_t', possible loss of data
C:\Users\JOEL\Documents\VST PLUGINS\Midi Player\Source\Fluidlite\src\fluid_synth.c(548,41): warning C4244: 'function': conversion from 'double' to 'fluid_real_t', possible loss of data
C:\Users\JOEL\Documents\VST PLUGINS\Midi Player\Source\Fluidlite\src\fluid_synth.c(578,46): warning C4244: 'function': conversion from 'double' to 'fluid_real_t', possible loss of data
C:\Users\JOEL\Documents\VST PLUGINS\Midi Player\Source\Fluidlite\src\fluid_synth.c(582,43): warning C4244: 'function': conversion from 'double' to 'fluid_real_t', possible loss of data
C:\Users\JOEL\Documents\VST PLUGINS\Midi Player\Source\Fluidlite\src\fluid_synth.c(573,57): warning C4100: 'sample_rate': unreferenced formal parameter
C:\Users\JOEL\Documents\VST PLUGINS\Midi Player\Source\Fluidlite\src\fluid_synth.c(738,34): warning C4100: 'synth': unreferenced formal parameter
C:\Users\JOEL\Documents\VST PLUGINS\Midi Player\Source\Fluidlite\src\fluid_synth.c(1018,21): warning C4244: '=': conversion from 'int' to 'char', possible loss of data
C:\Users\JOEL\Documents\VST PLUGINS\Midi Player\Source\Fluidlite\src\fluid_synth.c(1020,19): warning C4244: '=': conversion from 'int' to 'char', possible loss of data
C:\Users\JOEL\Documents\VST PLUGINS\Midi Player\Source\Fluidlite\src\fluid_synth.c(1026,28): warning C4244: '=': conversion from 'double' to 'int', possible loss of data
C:\Users\JOEL\Documents\VST PLUGINS\Midi Player\Source\Fluidlite\src\fluid_synth.c(1029,64): warning C4244: '=': conversion from 'double' to 'int', possible loss of data
C:\Users\JOEL\Documents\VST PLUGINS\Midi Player\Source\Fluidlite\src\fluid_synth.c(1032,21): warning C4244: '=': conversion from 'int' to 'char', possible loss of data
C:\Users\JOEL\Documents\VST PLUGINS\Midi Player\Source\Fluidlite\src\fluid_synth.c(1033,26): warning C4244: '=': conversion from 'int' to 'char', possible loss of data
C:\Users\JOEL\Documents\VST PLUGINS\Midi Player\Source\Fluidlite\src\fluid_synth.c(1040,41): warning C4244: '=': conversion from 'int' to 'uint8', possible loss of data
C:\Users\JOEL\Documents\VST PLUGINS\Midi Player\Source\Fluidlite\src\fluid_synth.c(1706,57): warning C4100: 'name': unreferenced formal parameter
C:\Users\JOEL\Documents\VST PLUGINS\Midi Player\Source\Fluidlite\src\fluid_synth.c(1735,15): warning C4244: 'return': conversion from 'double' to 'float', possible loss of data
C:\Users\JOEL\Documents\VST PLUGINS\Midi Player\Source\Fluidlite\src\fluid_synth.c(1741,62): warning C4100: 'name': unreferenced formal parameter
C:\Users\JOEL\Documents\VST PLUGINS\Midi Player\Source\Fluidlite\src\fluid_synth.c(1782,53): warning C4100: 'synth': unreferenced formal parameter
C:\Users\JOEL\Documents\VST PLUGINS\Midi Player\Source\Fluidlite\src\fluid_synth.c(1832,45): warning C4244: 'function': conversion from 'double' to 'fluid_real_t', possible loss of data
C:\Users\JOEL\Documents\VST PLUGINS\Midi Player\Source\Fluidlite\src\fluid_synth.c(1833,41): warning C4244: 'function': conversion from 'double' to 'fluid_real_t', possible loss of data
C:\Users\JOEL\Documents\VST PLUGINS\Midi Player\Source\Fluidlite\src\fluid_synth.c(1834,42): warning C4244: 'function': conversion from 'double' to 'fluid_real_t', possible loss of data
C:\Users\JOEL\Documents\VST PLUGINS\Midi Player\Source\Fluidlite\src\fluid_synth.c(1835,42): warning C4244: 'function': conversion from 'double' to 'fluid_real_t', possible loss of data
C:\Users\JOEL\Documents\VST PLUGINS\Midi Player\Source\Fluidlite\src\fluid_synth.c(1910,33): warning C4100: 'fx_right': unreferenced formal parameter
C:\Users\JOEL\Documents\VST PLUGINS\Midi Player\Source\Fluidlite\src\fluid_synth.c(1910,16): warning C4100: 'fx_left': unreferenced formal parameter
C:\Users\JOEL\Documents\VST PLUGINS\Midi Player\Source\Fluidlite\src\fluid_synth.c(1962,27): warning C4100: 'in': unreferenced formal parameter
C:\Users\JOEL\Documents\VST PLUGINS\Midi Player\Source\Fluidlite\src\fluid_synth.c(1962,14): warning C4100: 'nin': unreferenced formal parameter
C:\Users\JOEL\Documents\VST PLUGINS\Midi Player\Source\Fluidlite\src\fluid_synth.c(2088,19): warning C4244: '=': conversion from 'int' to 'fluid_real_t', possible loss of data
C:\Users\JOEL\Documents\VST PLUGINS\Midi Player\Source\Fluidlite\src\fluid_synth.c(2089,20): warning C4244: '=': conversion from 'int' to 'fluid_real_t', possible loss of data
C:\Users\JOEL\Documents\VST PLUGINS\Midi Player\Source\Fluidlite\src\fluid_synth.c(2134,19): warning C4244: '=': conversion from 'int' to 'fluid_real_t', possible loss of data
C:\Users\JOEL\Documents\VST PLUGINS\Midi Player\Source\Fluidlite\src\fluid_synth.c(2135,20): warning C4244: '=': conversion from 'int' to 'fluid_real_t', possible loss of data
C:\Users\JOEL\Documents\VST PLUGINS\Midi Player\Source\Fluidlite\src\fluid_synth.c(2330,44): warning C4244: '+=': conversion from 'double' to 'fluid_real_t', possible loss of data
C:\Users\JOEL\Documents\VST PLUGINS\Midi Player\Source\Fluidlite\src\fluid_synth.c(2400,45): warning C4244: 'function': conversion from 'double' to 'fluid_real_t', possible loss of data
C:\Users\JOEL\Documents\VST PLUGINS\Midi Player\Source\Fluidlite\src\fluid_synth.c(2436,20): warning C4244: 'initializing': conversion from 'fluid_real_t' to 'int', possible loss of data
C:\Users\JOEL\Documents\VST PLUGINS\Midi Player\Source\Fluidlite\src\fluid_synth.c(2554,49): warning C4100: 'synth': unreferenced formal parameter
C:\Users\JOEL\Documents\VST PLUGINS\Midi Player\Source\Fluidlite\src\fluid_settings.c(211): warning C4706: assignment within conditional expression
C:\Users\JOEL\Documents\VST PLUGINS\Midi Player\Source\Fluidlite\src\fluid_synth.c(2803,24): warning C4244: '=': conversion from 'int' to 'char', possible loss of data
C:\Users\JOEL\Documents\VST PLUGINS\Midi Player\Source\Fluidlite\src\fluid_synth.c(2810,24): warning C4244: '=': conversion from 'int' to 'char', possible loss of data
C:\Users\JOEL\Documents\VST PLUGINS\Midi Player\Source\Fluidlite\src\fluid_synth.c(3059,79): warning C4100: 'apply': unreferenced formal parameter
C:\Users\JOEL\Documents\VST PLUGINS\Midi Player\Source\Fluidlite\src\fluid_synth.c(3066,44): warning C4100: 'apply': unreferenced formal parameter
C:\Users\JOEL\Documents\VST PLUGINS\Midi Player\Source\Fluidlite\src\fluid_synth.c(3133,33): warning C4100: 'apply': unreferenced formal parameter
C:\Users\JOEL\Documents\VST PLUGINS\Midi Player\Source\Fluidlite\src\fluid_synth.c(3348,3): warning C4244: '=': conversion from 'int' to 'char', possible loss of data
C:\Users\JOEL\Documents\VST PLUGINS\Midi Player\Source\Fluidlite\src\fluid_synth.c(3391,13): warning C4100: 'audio_chan': unreferenced formal parameter
C:\Users\JOEL\Documents\VST PLUGINS\Midi Player\Source\Fluidlite\src\fluid_settings.c(254): warning C4701: potentially uninitialized local variable 't' used
C:\Users\JOEL\Documents\VST PLUGINS\Midi Player\Source\Fluidlite\src\fluid_settings.c(250): warning C4701: potentially uninitialized local variable 'v' used
C:\Users\JOEL\Documents\VST PLUGINS\Midi Player\Source\Fluidlite\src\fluid_settings.c(250): warning C4703: potentially uninitialized local pointer variable 'v' used
  fluid_voice.c
C:\Users\JOEL\Documents\VST PLUGINS\Midi Player\Source\Fluidlite\src\fluid_synth.c(2528): warning C4702: unreachable code
  fluidsynth.c
C:\Users\JOEL\Documents\VST PLUGINS\Midi Player\Source\Fluidlite\src\fluid_sys.c(91,60): warning C4100: 'data': unreferenced formal parameter
C:\Users\JOEL\Documents\VST PLUGINS\Midi Player\Source\Fluidlite\src\fluidsynth.c(712,1): warning C4206: nonstandard extension used: translation unit is empty
C:\Users\JOEL\Documents\VST PLUGINS\Midi Player\Source\Fluidlite\src\fluid_voice.c(135,17): warning C4244: '=': conversion from 'int' to 'unsigned char', possible loss of data
C:\Users\JOEL\Documents\VST PLUGINS\Midi Player\Source\Fluidlite\src\fluid_voice.c(186,34): warning C4305: '=': truncation from 'double' to 'fluid_real_t'
C:\Users\JOEL\Documents\VST PLUGINS\Midi Player\Source\Fluidlite\src\fluid_voice.c(194,73): warning C4244: '=': conversion from 'double' to 'fluid_real_t', possible loss of data
C:\Users\JOEL\Documents\VST PLUGINS\Midi Player\Source\Fluidlite\src\fluid_voice.c(195,70): warning C4244: '=': conversion from 'double' to 'fluid_real_t', possible loss of data
C:\Users\JOEL\Documents\VST PLUGINS\Midi Player\Source\Fluidlite\src\fluid_voice.c(218,25): warning C4244: 'return': conversion from 'double' to 'float', possible loss of data
C:\Users\JOEL\Documents\VST PLUGINS\Midi Player\Source\Fluidlite\src\fluid_voice.c(952,15): warning C4244: '=': conversion from 'double' to 'fluid_real_t', possible loss of data
C:\Users\JOEL\Documents\VST PLUGINS\Midi Player\Source\Fluidlite\src\fluid_voice.c(1033,5): warning C4244: '=': conversion from 'double' to 'fluid_real_t', possible loss of data
C:\Users\JOEL\Documents\VST PLUGINS\Midi Player\Source\Fluidlite\src\fluid_voice.c(1051,5): warning C4244: '=': conversion from 'double' to 'fluid_real_t', possible loss of data
C:\Users\JOEL\Documents\VST PLUGINS\Midi Player\Source\Fluidlite\src\fluid_voice.c(1058,5): warning C4244: '=': conversion from 'double' to 'fluid_real_t', possible loss of data
C:\Users\JOEL\Documents\VST PLUGINS\Midi Player\Source\Fluidlite\src\fluid_voice.c(1071,2): warning C4244: '=': conversion from 'double' to 'fluid_real_t', possible loss of data
C:\Users\JOEL\Documents\VST PLUGINS\Midi Player\Source\Fluidlite\src\fluid_voice.c(1142,5): warning C4244: '=': conversion from 'double' to 'fluid_real_t', possible loss of data
C:\Users\JOEL\Documents\VST PLUGINS\Midi Player\Source\Fluidlite\src\fluid_voice.c(1147,5): warning C4244: '=': conversion from 'double' to 'fluid_real_t', possible loss of data
C:\Users\JOEL\Documents\VST PLUGINS\Midi Player\Source\Fluidlite\src\fluid_voice.c(1189,5): warning C4244: '=': conversion from 'double' to 'fluid_real_t', possible loss of data
C:\Users\JOEL\Documents\VST PLUGINS\Midi Player\Source\Fluidlite\src\fluid_voice.c(1203,20): warning C4244: '=': conversion from 'fluid_real_t' to 'unsigned char', possible loss of data
C:\Users\JOEL\Documents\VST PLUGINS\Midi Player\Source\Fluidlite\src\fluid_voice.c(1217,20): warning C4244: '=': conversion from 'fluid_real_t' to 'unsigned char', possible loss of data
C:\Users\JOEL\Documents\VST PLUGINS\Midi Player\Source\Fluidlite\src\fluid_voice.c(1223,5): warning C4244: '=': conversion from 'double' to 'fluid_real_t', possible loss of data
C:\Users\JOEL\Documents\VST PLUGINS\Midi Player\Source\Fluidlite\src\fluid_voice.c(1233,5): warning C4244: '=': conversion from 'double' to 'fluid_real_t', possible loss of data
C:\Users\JOEL\Documents\VST PLUGINS\Midi Player\Source\Fluidlite\src\fluid_voice.c(1404,61): warning C4244: '=': conversion from 'double' to 'fluid_real_t', possible loss of data
C:\Users\JOEL\Documents\VST PLUGINS\Midi Player\Source\Fluidlite\src\fluid_voice.c(1015,22): warning C4305: 'initializing': truncation from 'double' to 'const float'
C:\Users\JOEL\Documents\VST PLUGINS\Midi Player\Source\Fluidlite\src\fluid_voice.c(1554,2): warning C4244: '=': conversion from 'double' to 'fluid_real_t', possible loss of data
C:\Users\JOEL\Documents\VST PLUGINS\Midi Player\Source\Fluidlite\src\fluid_voice.c(1552,46): warning C4244: 'initializing': conversion from 'double' to 'fluid_real_t', possible loss of data
C:\Users\JOEL\Documents\VST PLUGINS\Midi Player\Source\Fluidlite\src\fluid_voice.c(1553,34): warning C4244: 'initializing': conversion from 'double' to 'fluid_real_t', possible loss of data
C:\Users\JOEL\Documents\VST PLUGINS\Midi Player\Source\Fluidlite\src\fluid_voice.c(1738,24): warning C4244: 'initializing': conversion from 'double' to 'fluid_real_t', possible loss of data
C:\Users\JOEL\Documents\VST PLUGINS\Midi Player\Source\Fluidlite\src\fluid_voice.c(1860,101): warning C4244: '=': conversion from 'double' to 'fluid_real_t', possible loss of data
C:\Users\JOEL\Documents\VST PLUGINS\Midi Player\Source\Fluidlite\src\fluid_voice.c(1927,21): warning C4305: '=': truncation from 'double' to 'fluid_real_t'
C:\Users\JOEL\Documents\VST PLUGINS\Midi Player\Source\Fluidlite\src\fluid_voice.c(1986,60): warning C4244: '=': conversion from 'double' to 'fluid_real_t', possible loss of data
  MainComponent.cpp
  Main.cpp
  MidiFilePlayer.cpp
  include_juce_audio_basics.cpp
C:\Users\JOEL\Documents\VST PLUGINS\Midi Player\Source\MidiFilePlayer.cpp(25,40): warning C4244: 'argument': conversion from 'double' to 'float', possible loss of data
C:\Users\JOEL\Documents\VST PLUGINS\Midi Player\Source\MidiFilePlayer.cpp(24,40): warning C4100: 'samplesPerBlockExpected': unreferenced formal parameter
C:\Users\JOEL\Documents\VST PLUGINS\Midi Player\Source\Main.cpp(9,41): warning C4100: 'commandLineParameters': unreferenced formal parameter
  include_juce_audio_devices.cpp
  include_juce_audio_formats.cpp
  include_juce_audio_processors_ara.cpp
  include_juce_audio_processors_lv2_libs.cpp
  include_juce_audio_utils.cpp
  include_juce_cryptography.cpp
  include_juce_data_structures.cpp
  include_juce_events.cpp
  include_juce_graphics.cpp
  include_juce_gui_extra.cpp
  include_juce_opengl.cpp
  include_juce_video.cpp
  include_juce_audio_processors.cpp
  include_juce_core.cpp
  include_juce_gui_basics.cpp
  MIDI PLAYER_App.vcxproj -> C:\Users\JOEL\Documents\VST PLUGINS\Midi Player\Builds\VisualStudio2022\x64\Debug\App\MIDI PLAYER.exe
